<?xml version="1.0" encoding="UTF-8"?>
<!-- Generated by org.testng.reporters.JUnitReportReporter -->
<testsuite skipped="0" hostname="HP" name="testcases.TC_ValidateTitle" tests="1" failures="0" timestamp="07 Jul 2019 08:04:27 GMT" time="40.303" errors="0">
  <testcase name="ValidateTitle" time="40.303" classname="testcases.TC_ValidateTitle"/>
</testsuite> <!-- testcases.TC_ValidateTitle -->
