<?xml version="1.0" encoding="UTF-8"?>
<!-- Generated by org.testng.reporters.JUnitReportReporter -->
<testsuite skipped="0" hostname="HP" name="Tests.testCase" tests="3" failures="0" timestamp="05 Jul 2019 03:07:34 GMT" time="0.011" errors="0">
  <testcase name="LogIntoFB" time="0.005" classname="Tests.testCase"/>
  <testcase name="AddtoCart" time="0.003" classname="Tests.testCase"/>
  <testcase name="logout" time="0.003" classname="Tests.testCase"/>
</testsuite> <!-- Tests.testCase -->
