<?xml version="1.0" encoding="UTF-8"?>
<!-- Generated by org.testng.reporters.JUnitReportReporter -->
<testsuite skipped="0" hostname="HP" name="Utility.DataProviderWithExcel" tests="3" failures="0" timestamp="24 Jun 2019 03:56:16 GMT" time="30.036" errors="0">
  <testcase name="login" time="10.266" classname="Utility.DataProviderWithExcel"/>
  <testcase name="login" time="9.356" classname="Utility.DataProviderWithExcel"/>
  <testcase name="login" time="10.414" classname="Utility.DataProviderWithExcel"/>
</testsuite> <!-- Utility.DataProviderWithExcel -->
