<?xml version="1.0" encoding="UTF-8"?>
<!-- Generated by org.testng.reporters.JUnitReportReporter -->
<testsuite skipped="0" hostname="HP" name="ParallelTesting" tests="3" failures="0" timestamp="26 Jun 2019 03:53:18 GMT" time="26.947" errors="0">
  <testcase name="secondsession" time="7.888" classname="ParallelTesting"/>
  <testcase name="thirdsession" time="12.508" classname="ParallelTesting"/>
  <testcase name="firstsession" time="6.551" classname="ParallelTesting"/>
</testsuite> <!-- ParallelTesting -->
