<?xml version="1.0" encoding="UTF-8"?>
<!-- Generated by org.testng.reporters.JUnitReportReporter -->
<testsuite skipped="0" hostname="HP" name="collection.DataProviderEx" tests="2" failures="0" timestamp="21 Jun 2019 03:56:00 GMT" time="18.854" errors="0">
  <testcase name="login" time="9.470" classname="collection.DataProviderEx"/>
  <testcase name="login" time="9.384" classname="collection.DataProviderEx"/>
</testsuite> <!-- collection.DataProviderEx -->
