<?xml version="1.0" encoding="UTF-8"?>
<!-- Generated by org.testng.reporters.JUnitReportReporter -->
<testsuite skipped="0" hostname="HP" name="Tests.classB" tests="1" failures="0" timestamp="26 Jun 2019 04:19:20 GMT" time="21.574" errors="0">
  <testcase name="secondgooglesession" time="21.574" classname="Tests.classB"/>
</testsuite> <!-- Tests.classB -->
