<?xml version="1.0" encoding="UTF-8"?>
<!-- Generated by org.testng.reporters.JUnitReportReporter -->
<testsuite skipped="0" hostname="HP" name="Tests.TestNGGroupEx" tests="3" failures="0" timestamp="05 Jul 2019 03:42:02 GMT" time="0.016" errors="0">
  <testcase name="TC_05" time="0.000" classname="Tests.TestNGGroupEx"/>
  <testcase name="TC_01" time="0.016" classname="Tests.TestNGGroupEx"/>
  <testcase name="TC_03" time="0.000" classname="Tests.TestNGGroupEx"/>
</testsuite> <!-- Tests.TestNGGroupEx -->
