<?xml version="1.0" encoding="UTF-8"?>
<!-- Generated by org.testng.reporters.JUnitReportReporter -->
<testsuite skipped="0" hostname="HP" name="Tests.classC" tests="1" failures="0" timestamp="26 Jun 2019 04:19:20 GMT" time="20.918" errors="0">
  <testcase name="thirdgooglesession" time="20.918" classname="Tests.classC"/>
</testsuite> <!-- Tests.classC -->
