<?xml version="1.0" encoding="UTF-8"?>
<!-- Generated by org.testng.reporters.JUnitReportReporter -->
<testsuite skipped="0" hostname="HP" name="Tests.ParallelTesting" tests="3" failures="0" timestamp="26 Jun 2019 04:00:42 GMT" time="77.080" errors="0">
  <testcase name="firstsession" time="23.604" classname="Tests.ParallelTesting"/>
  <testcase name="secondsession" time="26.112" classname="Tests.ParallelTesting"/>
  <testcase name="thirdsession" time="27.364" classname="Tests.ParallelTesting"/>
</testsuite> <!-- Tests.ParallelTesting -->
